  [1m[35m (0.4ms)[0m  [1m[35mCREATE DATABASE "vuerails_development" ENCODING = 'unicode'[0m
  [1m[35m (0.3ms)[0m  [1m[35mCREATE DATABASE "vuerails_test" ENCODING = 'unicode'[0m
  [1m[35m (0.2ms)[0m  [1m[34mSELECT pg_try_advisory_lock(2963435355795465600)[0m
  [1m[36mActiveRecord::SchemaMigration Pluck (3.4ms)[0m  [1m[34mSELECT "schema_migrations"."version" FROM "schema_migrations" ORDER BY "schema_migrations"."version" ASC[0m
Migrating to CreateUsuarios (20221019230213)
  [1m[36mTRANSACTION (0.2ms)[0m  [1m[35mBEGIN[0m
  [1m[35m (18.8ms)[0m  [1m[35mCREATE TABLE "usuarios" ("id" bigserial primary key, "nome" character varying, "idade" integer, "telefone" text, "email" text, "created_at" timestamp(6) NOT NULL, "updated_at" timestamp(6) NOT NULL)[0m
  [1m[36mTRANSACTION (0.2ms)[0m  [1m[31mROLLBACK[0m
  [1m[35m (0.3ms)[0m  [1m[34mSELECT pg_advisory_unlock(2963435355795465600)[0m
Started GET "/" for ::1 at 2022-10-24 13:14:59 -0300
  [1m[36mActiveRecord::SchemaMigration Pluck (0.7ms)[0m  [1m[34mSELECT "schema_migrations"."version" FROM "schema_migrations" ORDER BY "schema_migrations"."version" ASC[0m
  [1m[36mCACHE ActiveRecord::SchemaMigration Pluck (0.0ms)[0m  [1m[34mSELECT "schema_migrations"."version" FROM "schema_migrations" ORDER BY "schema_migrations"."version" ASC[0m
  
ActiveRecord::PendingMigrationError (

Migrations are pending. To resolve this issue, run:

        bin/rails db:migrate RAILS_ENV=development

You have 2 pending migrations:

20221019230213_create_usuarios.rb
20221019230352_create_academia.rb


):
  
activerecord (7.0.4) lib/active_record/migration.rb:627:in `check_pending!'
activerecord (7.0.4) lib/active_record/migration.rb:592:in `block (2 levels) in call'
activesupport (7.0.4) lib/active_support/file_update_checker.rb:83:in `execute'
activerecord (7.0.4) lib/active_record/migration.rb:597:in `block in call'
activerecord (7.0.4) lib/active_record/migration.rb:589:in `synchronize'
activerecord (7.0.4) lib/active_record/migration.rb:589:in `call'
actionpack (7.0.4) lib/action_dispatch/middleware/callbacks.rb:27:in `block in call'
activesupport (7.0.4) lib/active_support/callbacks.rb:99:in `run_callbacks'
actionpack (7.0.4) lib/action_dispatch/middleware/callbacks.rb:26:in `call'
actionpack (7.0.4) lib/action_dispatch/middleware/executor.rb:14:in `call'
actionpack (7.0.4) lib/action_dispatch/middleware/actionable_exceptions.rb:17:in `call'
actionpack (7.0.4) lib/action_dispatch/middleware/debug_exceptions.rb:28:in `call'
actionpack (7.0.4) lib/action_dispatch/middleware/show_exceptions.rb:26:in `call'
railties (7.0.4) lib/rails/rack/logger.rb:40:in `call_app'
railties (7.0.4) lib/rails/rack/logger.rb:25:in `block in call'
activesupport (7.0.4) lib/active_support/tagged_logging.rb:99:in `block in tagged'
activesupport (7.0.4) lib/active_support/tagged_logging.rb:37:in `tagged'
activesupport (7.0.4) lib/active_support/tagged_logging.rb:99:in `tagged'
railties (7.0.4) lib/rails/rack/logger.rb:25:in `call'
sprockets-rails (3.4.2) lib/sprockets/rails/quiet_assets.rb:13:in `call'
actionpack (7.0.4) lib/action_dispatch/middleware/remote_ip.rb:93:in `call'
actionpack (7.0.4) lib/action_dispatch/middleware/request_id.rb:26:in `call'
rack (2.2.4) lib/rack/method_override.rb:24:in `call'
rack (2.2.4) lib/rack/runtime.rb:22:in `call'
activesupport (7.0.4) lib/active_support/cache/strategy/local_cache_middleware.rb:29:in `call'
actionpack (7.0.4) lib/action_dispatch/middleware/server_timing.rb:61:in `block in call'
actionpack (7.0.4) lib/action_dispatch/middleware/server_timing.rb:26:in `collect_events'
actionpack (7.0.4) lib/action_dispatch/middleware/server_timing.rb:60:in `call'
actionpack (7.0.4) lib/action_dispatch/middleware/executor.rb:14:in `call'
actionpack (7.0.4) lib/action_dispatch/middleware/static.rb:23:in `call'
rack (2.2.4) lib/rack/sendfile.rb:110:in `call'
actionpack (7.0.4) lib/action_dispatch/middleware/host_authorization.rb:137:in `call'
vite_ruby (3.2.6) lib/vite_ruby/dev_server_proxy.rb:22:in `perform_request'
rack-proxy (0.7.4) lib/rack/proxy.rb:78:in `call'
railties (7.0.4) lib/rails/engine.rb:530:in `call'
puma (5.6.5) lib/puma/configuration.rb:252:in `call'
puma (5.6.5) lib/puma/request.rb:77:in `block in handle_request'
puma (5.6.5) lib/puma/thread_pool.rb:340:in `with_force_shutdown'
puma (5.6.5) lib/puma/request.rb:76:in `handle_request'
puma (5.6.5) lib/puma/server.rb:443:in `process_client'
puma (5.6.5) lib/puma/thread_pool.rb:147:in `block in spawn_thread'
  [1m[35m (0.2ms)[0m  [1m[34mSELECT pg_try_advisory_lock(2963435355795465600)[0m
  [1m[36mActiveRecord::SchemaMigration Pluck (0.6ms)[0m  [1m[34mSELECT "schema_migrations"."version" FROM "schema_migrations" ORDER BY "schema_migrations"."version" ASC[0m
Migrating to CreateUsuarios (20221019230213)
  [1m[36mTRANSACTION (0.1ms)[0m  [1m[35mBEGIN[0m
  [1m[35m (1.5ms)[0m  [1m[35mCREATE TABLE "usuarios" ("id" bigserial primary key, "nome" character varying, "idade" integer, "telefone" text, "email" text, "created_at" timestamp(6) NOT NULL, "updated_at" timestamp(6) NOT NULL)[0m
  [1m[36mTRANSACTION (0.1ms)[0m  [1m[31mROLLBACK[0m
  [1m[35m (0.2ms)[0m  [1m[34mSELECT pg_advisory_unlock(2963435355795465600)[0m
  [1m[36mActiveRecord::SchemaMigration Pluck (0.9ms)[0m  [1m[34mSELECT "schema_migrations"."version" FROM "schema_migrations" ORDER BY "schema_migrations"."version" ASC[0m
  [1m[36mActiveRecord::SchemaMigration Pluck (0.4ms)[0m  [1m[34mSELECT "schema_migrations"."version" FROM "schema_migrations" ORDER BY "schema_migrations"."version" ASC[0m
  [1m[36mActiveRecord::SchemaMigration Pluck (0.3ms)[0m  [1m[34mSELECT "schema_migrations"."version" FROM "schema_migrations" ORDER BY "schema_migrations"."version" ASC[0m
  [1m[35m (0.9ms)[0m  [1m[35mCREATE DATABASE "vuerails_development" ENCODING = 'unicode'[0m
  [1m[35m (0.3ms)[0m  [1m[35mCREATE DATABASE "vuerails_test" ENCODING = 'unicode'[0m
  [1m[35m (0.3ms)[0m  [1m[34mSELECT pg_try_advisory_lock(2963435355795465600)[0m
  [1m[36mActiveRecord::SchemaMigration Pluck (0.6ms)[0m  [1m[34mSELECT "schema_migrations"."version" FROM "schema_migrations" ORDER BY "schema_migrations"."version" ASC[0m
  [1m[36mActiveRecord::InternalMetadata Load (1.9ms)[0m  [1m[34mSELECT "ar_internal_metadata".* FROM "ar_internal_metadata" WHERE "ar_internal_metadata"."key" = $1 LIMIT $2[0m  [["key", "environment"], ["LIMIT", 1]]
  [1m[35m (0.4ms)[0m  [1m[34mSELECT pg_advisory_unlock(2963435355795465600)[0m
  [1m[36mActiveRecord::SchemaMigration Pluck (0.5ms)[0m  [1m[34mSELECT "schema_migrations"."version" FROM "schema_migrations" ORDER BY "schema_migrations"."version" ASC[0m
Started GET "/" for ::1 at 2022-10-24 13:19:21 -0300
  [1m[36mActiveRecord::SchemaMigration Pluck (0.5ms)[0m  [1m[34mSELECT "schema_migrations"."version" FROM "schema_migrations" ORDER BY "schema_migrations"."version" ASC[0m
Processing by WelcomeController#index as HTML
  Rendering layout layouts/application.html.erb
  Rendering welcome/index.html.erb within layouts/application
  Rendered welcome/index.html.erb within layouts/application (Duration: 1.4ms | Allocations: 455)
Building with Vite ⚡️
  Rendered layout layouts/application.html.erb (Duration: 1490.3ms | Allocations: 19358)
Completed 500 Internal Server Error in 1494ms (ActiveRecord: 0.0ms | Allocations: 21547)


  
ActionView::Template::Error (❌ The vite binary is not available. Have you installed the npm packages?

Visit the Troubleshooting guide for more information:
  https://vite-ruby.netlify.app/guide/troubleshooting.html#troubleshooting

No such file or directory - /home/jp/Documents/Aprendizado_RubyOnRails/Rails_Docker/node_modules/.bin/vite
):
    15:     <%= csp_meta_tag %>
    16:       <%= stylesheet_link_tag "application" %>
    17:         <%= vite_client_tag %>
    18:           <%= vite_javascript_tag 'application' %>
    19:             <!--
    20:       If using a TypeScript entrypoint file:
    21:         vite_typescript_tag 'application'
  
app/views/layouts/application.html.erb:18
Started GET "/" for ::1 at 2022-10-24 13:20:17 -0300
  [1m[36mActiveRecord::SchemaMigration Pluck (0.5ms)[0m  [1m[34mSELECT "schema_migrations"."version" FROM "schema_migrations" ORDER BY "schema_migrations"."version" ASC[0m
Processing by WelcomeController#index as HTML
  Rendering layout layouts/application.html.erb
  Rendering welcome/index.html.erb within layouts/application
  Rendered welcome/index.html.erb within layouts/application (Duration: 1.3ms | Allocations: 455)
Building with Vite ⚡️
vite v3.1.8 building for development...

transforming...

✓ 11 modules transformed.

rendering chunks...

../../public/vite-dev/manifest-assets.json             0.00 KiB

../../public/vite-dev/manifest.json                    0.14 KiB

../../public/vite-dev/assets/application.50f05d83.js   171.19 KiB / gzip: 66.40 KiB

Build with Vite complete: /home/jp/Documents/Aprendizado_RubyOnRails/Rails_Docker/public/vite-dev
Skipping vite build. Watched files have not changed since the last build at 2022-10-24 13:20:20
  Rendered welcome/_header.html.erb (Duration: 2.1ms | Allocations: 1095)
  Rendered layout layouts/application.html.erb (Duration: 2283.9ms | Allocations: 16928)
Completed 200 OK in 2289ms (Views: 2288.1ms | ActiveRecord: 0.0ms | Allocations: 19155)


  [1m[36mActiveRecord::SchemaMigration Pluck (0.5ms)[0m  [1m[34mSELECT "schema_migrations"."version" FROM "schema_migrations" ORDER BY "schema_migrations"."version" ASC[0m
  [1m[36mActiveRecord::SchemaMigration Pluck (0.2ms)[0m  [1m[34mSELECT "schema_migrations"."version" FROM "schema_migrations" ORDER BY "schema_migrations"."version" ASC[0m
Started GET "/" for 172.18.0.1 at 2022-11-13 20:09:33 +0000
  [1m[36mActiveRecord::SchemaMigration Pluck (0.4ms)[0m  [1m[34mSELECT "schema_migrations"."version" FROM "schema_migrations" ORDER BY "schema_migrations"."version" ASC[0m
Processing by WelcomeController#index as HTML
  Rendering layout layouts/application.html.erb
  Rendering welcome/index.html.erb within layouts/application
  Rendered welcome/index.html.erb within layouts/application (Duration: 44.5ms | Allocations: 21649)
Skipping vite build. Watched files have not changed since the last build at 2022-10-24 13:20:20
Skipping vite build. Watched files have not changed since the last build at 2022-10-24 13:20:20
  Rendered welcome/_header.html.erb (Duration: 2.0ms | Allocations: 1898)
  Rendered layout layouts/application.html.erb (Duration: 57.9ms | Allocations: 32235)
Completed 200 OK in 68ms (Views: 65.3ms | ActiveRecord: 0.0ms | Allocations: 35644)


Started GET "/" for 172.18.0.1 at 2022-11-13 21:35:33 +0000
Processing by WelcomeController#index as HTML
  Rendering layout layouts/application.html.erb
  Rendering welcome/index.html.erb within layouts/application
  Rendered welcome/index.html.erb within layouts/application (Duration: 2.1ms | Allocations: 2552)
Skipping vite build. Watched files have not changed since the last build at 2022-10-24 13:20:20
Skipping vite build. Watched files have not changed since the last build at 2022-10-24 13:20:20
  Rendered welcome/_header.html.erb (Duration: 1.2ms | Allocations: 1291)
  Rendered layout layouts/application.html.erb (Duration: 12.0ms | Allocations: 10414)
Completed 200 OK in 13ms (Views: 12.4ms | Allocations: 10657)


Started GET "/" for 172.18.0.1 at 2022-11-13 21:35:34 +0000
Processing by WelcomeController#index as HTML
  Rendering layout layouts/application.html.erb
  Rendering welcome/index.html.erb within layouts/application
  Rendered welcome/index.html.erb within layouts/application (Duration: 2.0ms | Allocations: 2548)
Skipping vite build. Watched files have not changed since the last build at 2022-10-24 13:20:20
Skipping vite build. Watched files have not changed since the last build at 2022-10-24 13:20:20
  Rendered welcome/_header.html.erb (Duration: 0.9ms | Allocations: 1291)
  Rendered layout layouts/application.html.erb (Duration: 9.6ms | Allocations: 10360)
Completed 200 OK in 10ms (Views: 9.9ms | Allocations: 10571)


Started GET "/welcome/login" for 172.18.0.1 at 2022-11-13 21:35:35 +0000
Processing by WelcomeController#login as HTML
  Rendering layout layouts/application.html.erb
  Rendering welcome/login.html.erb within layouts/application
  Rendered welcome/login.html.erb within layouts/application (Duration: 2.8ms | Allocations: 3360)
Skipping vite build. Watched files have not changed since the last build at 2022-10-24 13:20:20
Skipping vite build. Watched files have not changed since the last build at 2022-10-24 13:20:20
  Rendered welcome/_header.html.erb (Duration: 1.5ms | Allocations: 1291)
  Rendered layout layouts/application.html.erb (Duration: 11.8ms | Allocations: 10942)
Completed 200 OK in 12ms (Views: 12.1ms | Allocations: 11208)


